<?xml version="1.0" encoding="UTF-8"?>
<!-- Generated by org.testng.reporters.JUnitXMLReporter -->
<testsuite ignored="0" hostname="DESKTOP-VTPUTTF" failures="0" tests="4" name="Test" time="28.006" errors="0" timestamp="2021-03-12T12:00:32 IST">
  <testcase classname="tests.Sanity" name="goToRegister" time="6.783"/>
  <testcase classname="tests.Sanity" name="selectAccountTypeIM" time="0.611"/>
  <testcase classname="tests.Sanity" name="selectAccountTypeLookingTo" time="0.279"/>
  <testcase classname="tests.Sanity" name="verifyURL" time="0.011"/>
</testsuite> <!-- Test -->
