<?xml version="1.0" encoding="UTF-8"?>
<testng-results ignored="0" total="4" passed="4" failed="0" skipped="0">
  <reporter-output>
  </reporter-output>
  <suite started-at="2021-03-12T12:00:04 IST" name="Suite" finished-at="2021-03-12T12:00:32 IST" duration-ms="28006">
    <groups>
    </groups>
    <test started-at="2021-03-12T12:00:04 IST" name="Test" finished-at="2021-03-12T12:00:32 IST" duration-ms="28006">
      <class name="tests.Sanity">
        <test-method is-config="true" signature="beforeClass()[pri:0, instance:tests.Sanity@2a32de6c]" started-at="2021-03-12T12:00:04 IST" name="beforeClass" finished-at="2021-03-12T12:00:15 IST" duration-ms="11648" status="PASS">
          <reporter-output>
          </reporter-output>
        </test-method> <!-- beforeClass -->
        <test-method is-config="true" signature="beforeMethod(java.lang.reflect.Method)[pri:0, instance:tests.Sanity@2a32de6c]" started-at="2021-03-12T12:00:15 IST" name="beforeMethod" finished-at="2021-03-12T12:00:15 IST" duration-ms="5" status="PASS">
          <params>
            <param index="0">
              <value>
                <![CDATA[public void tests.Sanity.goToRegister() throws java.lang.InterruptedException,java.io.IOException]]>
              </value>
            </param>
          </params>
          <reporter-output>
          </reporter-output>
        </test-method> <!-- beforeMethod -->
        <test-method signature="goToRegister()[pri:1, instance:tests.Sanity@2a32de6c]" started-at="2021-03-12T12:00:15 IST" name="goToRegister" description="verify date" finished-at="2021-03-12T12:00:22 IST" duration-ms="6783" status="PASS">
          <reporter-output>
          </reporter-output>
        </test-method> <!-- goToRegister -->
        <test-method is-config="true" signature="afterMethod(org.testng.ITestResult)[pri:0, instance:tests.Sanity@2a32de6c]" started-at="2021-03-12T12:00:22 IST" name="afterMethod" finished-at="2021-03-12T12:00:28 IST" duration-ms="6207" status="PASS">
          <params>
            <param index="0">
              <value>
                <![CDATA[[TestResult name=goToRegister status=SUCCESS method=Sanity.goToRegister()[pri:1, instance:tests.Sanity@2a32de6c] output={null}]]]>
              </value>
            </param>
          </params>
          <reporter-output>
          </reporter-output>
        </test-method> <!-- afterMethod -->
        <test-method signature="selectAccountTypeIM()[pri:2, instance:tests.Sanity@2a32de6c]" started-at="2021-03-12T12:00:28 IST" name="selectAccountTypeIM" description="verify date" finished-at="2021-03-12T12:00:29 IST" duration-ms="611" status="PASS">
          <reporter-output>
          </reporter-output>
        </test-method> <!-- selectAccountTypeIM -->
        <test-method is-config="true" signature="beforeMethod(java.lang.reflect.Method)[pri:0, instance:tests.Sanity@2a32de6c]" started-at="2021-03-12T12:00:28 IST" name="beforeMethod" finished-at="2021-03-12T12:00:28 IST" duration-ms="0" status="PASS">
          <params>
            <param index="0">
              <value>
                <![CDATA[public void tests.Sanity.selectAccountTypeIM() throws java.lang.InterruptedException,java.io.IOException]]>
              </value>
            </param>
          </params>
          <reporter-output>
          </reporter-output>
        </test-method> <!-- beforeMethod -->
        <test-method is-config="true" signature="afterMethod(org.testng.ITestResult)[pri:0, instance:tests.Sanity@2a32de6c]" started-at="2021-03-12T12:00:29 IST" name="afterMethod" finished-at="2021-03-12T12:00:29 IST" duration-ms="422" status="PASS">
          <params>
            <param index="0">
              <value>
                <![CDATA[[TestResult name=selectAccountTypeIM status=SUCCESS method=Sanity.selectAccountTypeIM()[pri:2, instance:tests.Sanity@2a32de6c] output={null}]]]>
              </value>
            </param>
          </params>
          <reporter-output>
          </reporter-output>
        </test-method> <!-- afterMethod -->
        <test-method is-config="true" signature="beforeMethod(java.lang.reflect.Method)[pri:0, instance:tests.Sanity@2a32de6c]" started-at="2021-03-12T12:00:29 IST" name="beforeMethod" finished-at="2021-03-12T12:00:29 IST" duration-ms="0" status="PASS">
          <params>
            <param index="0">
              <value>
                <![CDATA[public void tests.Sanity.selectAccountTypeLookingTo() throws java.lang.InterruptedException,java.io.IOException]]>
              </value>
            </param>
          </params>
          <reporter-output>
          </reporter-output>
        </test-method> <!-- beforeMethod -->
        <test-method signature="selectAccountTypeLookingTo()[pri:3, instance:tests.Sanity@2a32de6c]" started-at="2021-03-12T12:00:29 IST" name="selectAccountTypeLookingTo" description="verify date" finished-at="2021-03-12T12:00:30 IST" duration-ms="279" status="PASS">
          <reporter-output>
          </reporter-output>
        </test-method> <!-- selectAccountTypeLookingTo -->
        <test-method is-config="true" signature="afterMethod(org.testng.ITestResult)[pri:0, instance:tests.Sanity@2a32de6c]" started-at="2021-03-12T12:00:30 IST" name="afterMethod" finished-at="2021-03-12T12:00:30 IST" duration-ms="396" status="PASS">
          <params>
            <param index="0">
              <value>
                <![CDATA[[TestResult name=selectAccountTypeLookingTo status=SUCCESS method=Sanity.selectAccountTypeLookingTo()[pri:3, instance:tests.Sanity@2a32de6c] output={null}]]]>
              </value>
            </param>
          </params>
          <reporter-output>
          </reporter-output>
        </test-method> <!-- afterMethod -->
        <test-method is-config="true" signature="beforeMethod(java.lang.reflect.Method)[pri:0, instance:tests.Sanity@2a32de6c]" started-at="2021-03-12T12:00:30 IST" name="beforeMethod" finished-at="2021-03-12T12:00:30 IST" duration-ms="1" status="PASS">
          <params>
            <param index="0">
              <value>
                <![CDATA[public void tests.Sanity.verifyURL() throws java.lang.InterruptedException,java.io.IOException]]>
              </value>
            </param>
          </params>
          <reporter-output>
          </reporter-output>
        </test-method> <!-- beforeMethod -->
        <test-method signature="verifyURL()[pri:4, instance:tests.Sanity@2a32de6c]" started-at="2021-03-12T12:00:30 IST" name="verifyURL" description="verify date" finished-at="2021-03-12T12:00:30 IST" duration-ms="11" status="PASS">
          <reporter-output>
          </reporter-output>
        </test-method> <!-- verifyURL -->
        <test-method is-config="true" signature="afterMethod(org.testng.ITestResult)[pri:0, instance:tests.Sanity@2a32de6c]" started-at="2021-03-12T12:00:30 IST" name="afterMethod" finished-at="2021-03-12T12:00:30 IST" duration-ms="404" status="PASS">
          <params>
            <param index="0">
              <value>
                <![CDATA[[TestResult name=verifyURL status=SUCCESS method=Sanity.verifyURL()[pri:4, instance:tests.Sanity@2a32de6c] output={null}]]]>
              </value>
            </param>
          </params>
          <reporter-output>
          </reporter-output>
        </test-method> <!-- afterMethod -->
        <test-method is-config="true" signature="afterClass()[pri:0, instance:tests.Sanity@2a32de6c]" started-at="2021-03-12T12:00:30 IST" name="afterClass" finished-at="2021-03-12T12:00:32 IST" duration-ms="1177" status="PASS">
          <reporter-output>
          </reporter-output>
        </test-method> <!-- afterClass -->
      </class> <!-- tests.Sanity -->
    </test> <!-- Test -->
  </suite> <!-- Suite -->
</testng-results>
