<?xml version="1.0" encoding="UTF-8"?>
<testsuite xmlns:xsi="http://www.w3.org/2001/XMLSchema-instance" xsi:noNamespaceSchemaLocation="https://maven.apache.org/surefire/maven-surefire-plugin/xsd/surefire-test-report-3.0.xsd" version="3.0" name="TestSuite" time="28.687" tests="4" errors="0" skipped="0" failures="0">
  <properties>
[...]
</properties>
  <testcase name="goToRegister" classname="tests.Sanity" time="6.771">
    <system-out><![CDATA[******Going to registration page
]]></system-out>
    <system-err><![CDATA[Starting ChromeDriver 88.0.4324.96 (68dba2d8a0b149a1d3afac56fa74648032bcf46b-refs/branch-heads/4324@{#1784}) on port 35764
Only local connections are allowed.
Please see https://chromedriver.chromium.org/security-considerations for suggestions on keeping ChromeDriver safe.
ChromeDriver was started successfully.
[1615543206.612][WARNING]: This version of ChromeDriver has not been tested with Chrome version 89.
מרץ 12, 2021 12:00:07 אחה״צ org.openqa.selenium.remote.ProtocolHandshake createSession
INFO: Detected dialect: W3C
]]></system-err>
  </testcase>
  <testcase name="selectAccountTypeIM" classname="tests.Sanity" time="0.611">
    <system-out><![CDATA[******select account type
]]></system-out>
  </testcase>
  <testcase name="selectAccountTypeLookingTo" classname="tests.Sanity" time="0.281">
    <system-out><![CDATA[******verify filter is working
]]></system-out>
  </testcase>
  <testcase name="verifyURL" classname="tests.Sanity" time="0.012">
    <system-out><![CDATA[******verify page URL
]]></system-out>
  </testcase>
</testsuite>